2001.11.14 21:50 B C:\My Documents\simon\files\my web pages\henry-cains-family v2.htm --> users.tinyonline.co.uk /Desktop/my web pages henry-cains-family v2.htm
2001.11.14 21:50 B C:\My Documents\simon\files\my web pages\hp cains newspapers.htm --> users.tinyonline.co.uk /Desktop/my web pages hp cains newspapers.htm
2001.11.14 21:51 B C:\My Documents\simon\files\my web pages\marriage0001jpg.jpg --> users.tinyonline.co.uk /Desktop/my web pages marriage0001jpg.jpg
2001.11.14 21:52 B C:\My Documents\simon\files\my web pages\militia-colourjpg.jpg --> users.tinyonline.co.uk /Desktop/my web pages militia-colourjpg.jpg
2001.11.14 21:52 B C:\My Documents\simon\files\my web pages\militiabwv4jpg.jpg --> users.tinyonline.co.uk /Desktop/my web pages militiabwv4jpg.jpg
2001.11.14 21:59 B C:\My Documents\simon\files\my web pages\newspaper-hp10001.jpg --> users.tinyonline.co.uk /Desktop/my web pages newspaper-hp10001.jpg
2001.11.14 22:03 B C:\My Documents\simon\files\my web pages\newspaper-hp20001.jpg --> users.tinyonline.co.uk /Desktop/my web pages newspaper-hp20001.jpg
2001.11.14 22:13 B C:\My Documents\simon\files\my web pages\newspaper-hppicjpeg.jpg --> users.tinyonline.co.uk /Desktop/my web pages newspaper-hppicjpeg.jpg
2001.11.14 22:24 B C:\My Documents\simon\files\my web pages\paper-hppics2jpg.jpg --> users.tinyonline.co.uk /Desktop/my web pages paper-hppics2jpg.jpg
2001.11.18 18:23 B C:\My Documents\simon\files\my web pages\hp cains newspapers.htm --> users.tinyonline.co.uk /Desktop/my web pages hp cains newspapers.htm
2001.11.18 18:24 B C:\My Documents\simon\files\my web pages\mr water mill jpg.jpg --> users.tinyonline.co.uk /Desktop/my web pages mr water mill jpg.jpg
2001.11.18 18:26 B C:\My Documents\simon\files\my web pages\henry-cairens.htm --> users.tinyonline.co.uk /Desktop/my web pages henry-cairens.htm
2001.11.18 18:26 B C:\My Documents\simon\files\my web pages\henry-cains-family.htm --> users.tinyonline.co.uk /Desktop/my web pages henry-cains-family.htm
2001.11.18 18:26 B C:\My Documents\simon\files\my web pages\family of alexander cairens.htm --> users.tinyonline.co.uk /Desktop/my web pages family of alexander cairens.htm
2001.11.18 18:26 B C:\My Documents\simon\files\my web pages\alexander cairens.htm --> users.tinyonline.co.uk /Desktop/my web pages alexander cairens.htm
2001.11.18 18:26 B C:\My Documents\simon\files\my web pages\index.html --> users.tinyonline.co.uk /Desktop/my web pages index.html
2001.11.18 18:28 B C:\My Documents\simon\files\my web pages\long lifejpeg.jpg --> users.tinyonline.co.uk /Desktop/my web pages long lifejpeg.jpg
2001.11.18 18:32 B C:\My Documents\simon\files\my web pages\pictures leftjpg.jpg --> users.tinyonline.co.uk /Desktop/my web pages pictures leftjpg.jpg
2001.11.18 18:36 B C:\My Documents\simon\files\my web pages\pictures right jpeg.jpg --> users.tinyonline.co.uk /Desktop/my web pages pictures right jpeg.jpg
2001.11.18 20:48 B C:\My Documents\simon\files\my web pages\northumberland-militia.htm --> users.tinyonline.co.uk /Desktop/my web pages northumberland-militia.htm
2001.11.18 22:04 B C:\My Documents\simon\files\my web pages\northumberland-militia.htm --> users.tinyonline.co.uk /Desktop/my web pages northumberland-militia.htm
2001.11.18 22:04 B C:\My Documents\simon\files\my web pages\gordon riots.htm --> users.tinyonline.co.uk /Desktop/my web pages gordon riots.htm
